Arguments: 
  C:\Program Files\nodejs\node.exe C:\Users\danie\AppData\Roaming\npm\node_modules\yarn\bin\yarn.js install

PATH: 
  C:\Program Files\WindowsApps\Microsoft.PowerShell_7.2.0.0_x64__8wekyb3d8bbwe;C:\Program Files (x86)\Common Files\Oracle\Java\javapath;C:\Windows\system32;C:\Windows;C:\Windows\System32\Wbem;C:\Windows\System32\WindowsPowerShell\v1.0\;C:\Windows\System32\OpenSSH\;C:\Program Files (x86)\NVIDIA Corporation\PhysX\Common;C:\Program Files\NVIDIA Corporation\NVIDIA NvDLISR;C:\Program Files\Git\cmd;C:\Program Files\nodejs\;C:\ProgramData\chocolatey\bin;;C:\WINDOWS\system32;C:\WINDOWS;C:\WINDOWS\System32\Wbem;C:\WINDOWS\System32\WindowsPowerShell\v1.0\;C:\WINDOWS\System32\OpenSSH\;C:\Program Files\dotnet\;C:\Program Files (x86)\sbt\bin;C:\Program Files (x86)\scala\bin;C:\Program Files\PuTTY\;C:\Users\danie\.rover\bin;C:\texlive\2021\bin\win32;C:\Users\danie\AppData\Local\activestate\cache\bin;C:\Users\danie\AppData\Local\ActiveState\StateTool\release;C:\Python\Python38\Scripts\;C:\Python\Python38\;C:\Users\danie\AppData\Local\Microsoft\WindowsApps;C:\Users\danie\AppData\Local\Programs\Microsoft VS Code\bin;C:\Users\danie\AppData\Roaming\npm;C:\Python39;C:\Python39\Scripts;C:\Program Files (x86)\Sophos\Sophos SSL VPN Client\bin;C:\Users\danie\.dotnet\tools;C:\Program Files\Java\jdk1.8.0_301\bin;C:\MinGW\bin;C:\Program Files\heroku\bin;C:\Users\danie\AppData\Local\Programs\MiKTeX\miktex\bin\x64\;C:\Users\danie\AppData\Local\Programs\mongosh\;C:\Users\danie\AppData\Local\Google\Cloud SDK\google-cloud-sdk\bin

Yarn version: 
  1.22.11

Node version: 
  14.17.3

Platform: 
  win32 x64

Trace: 
  SyntaxError: C:\Users\danie\Documents\Ciclo 4\microservicios\explicaciones\gateway\package.json: Unexpected token : in JSON at position 8
      at JSON.parse (<anonymous>)
      at C:\Users\danie\AppData\Roaming\npm\node_modules\yarn\lib\cli.js:1625:59
      at Generator.next (<anonymous>)
      at step (C:\Users\danie\AppData\Roaming\npm\node_modules\yarn\lib\cli.js:310:30)
      at C:\Users\danie\AppData\Roaming\npm\node_modules\yarn\lib\cli.js:321:13

npm manifest: 
  "name": "gateway",
    "version": "1.0.0",
    "main": "index.js",
    "license": "MIT",
    "scripts": {
      "dev": "nodemon index.ts"
    },
    "dependencies": {
      "apollo-server": "^3.5.0",
      "graphql": "^15.7.2"
    },
    "devDependencies": {
      "@types/node": "^16.11.11",
      "ts-node": "^10.4.0",
      "typescript": "^4.5.2"
    }
  }

yarn manifest: 
  No manifest

Lockfile: 
  No lockfile
